# JRE version: Java(TM) SE Runtime Environment (8.0_241-b07) (build 1.8.0_241-b07)
# Java VM: Java HotSpot(TM) 64-Bit Server VM (25.241-b07 mixed mode windows-amd64 compressed oops)
Heap:
 PSYoungGen      total 126464K, used 77258K [0x00000000f5580000, 0x0000000100000000, 0x0000000100000000)
  eden space 98816K, 50% used [0x00000000f5580000,0x00000000f85f9210,0x00000000fb600000)
  from space 27648K, 99% used [0x00000000fe500000,0x00000000ffff98d8,0x0000000100000000)
  to   space 37888K, 0% used [0x00000000fb600000,0x00000000fb600000,0x00000000fdb00000)
 ParOldGen       total 204288K, used 99942K [0x00000000e0000000, 0x00000000ec780000, 0x00000000f5580000)
  object space 204288K, 48% used [0x00000000e0000000,0x00000000e6199b70,0x00000000ec780000)
 Metaspace       used 74528K, capacity 80686K, committed 80896K, reserved 1118208K
  class space    used 10188K, capacity 11450K, committed 11520K, reserved 1048576K
GC Heap History (10 events):
Event: 30.863 GC heap before
{Heap before GC invocations=21 (full 3):
 PSYoungGen      total 104960K, used 104929K [0x00000000f5580000, 0x00000000fe600000, 0x0000000100000000)
  eden space 87040K, 100% used [0x00000000f5580000,0x00000000faa80000,0x00000000faa80000)
  from space 17920K, 99% used [0x00000000faa80000,0x00000000fbbf84b0,0x00000000fbc00000)
  to   space 23040K, 0% used [0x00000000fcf80000,0x00000000fcf80000,0x00000000fe600000)
 ParOldGen       total 204288K, used 63189K [0x00000000e0000000, 0x00000000ec780000, 0x00000000f5580000)
  object space 204288K, 30% used [0x00000000e0000000,0x00000000e3db5500,0x00000000ec780000)
 Metaspace       used 67222K, capacity 72402K, committed 72576K, reserved 1112064K
  class space    used 9481K, capacity 10612K, committed 10624K, reserved 1048576K
Event: 30.878 GC heap after
Heap after GC invocations=21 (full 3):
 PSYoungGen      total 124928K, used 5452K [0x00000000f5580000, 0x00000000fe600000, 0x0000000100000000)
  eden space 101888K, 0% used [0x00000000f5580000,0x00000000f5580000,0x00000000fb900000)
  from space 23040K, 23% used [0x00000000fcf80000,0x00000000fd4d3030,0x00000000fe600000)
  to   space 23040K, 0% used [0x00000000fb900000,0x00000000fb900000,0x00000000fcf80000)
 ParOldGen       total 204288K, used 80570K [0x00000000e0000000, 0x00000000ec780000, 0x00000000f5580000)
  object space 204288K, 39% used [0x00000000e0000000,0x00000000e4eae9f0,0x00000000ec780000)
 Metaspace       used 67222K, capacity 72402K, committed 72576K, reserved 1112064K
  class space    used 9481K, capacity 10612K, committed 10624K, reserved 1048576K
}
Event: 34.437 GC heap before
{Heap before GC invocations=22 (full 3):
 PSYoungGen      total 124928K, used 107340K [0x00000000f5580000, 0x00000000fe600000, 0x0000000100000000)
  eden space 101888K, 100% used [0x00000000f5580000,0x00000000fb900000,0x00000000fb900000)
  from space 23040K, 23% used [0x00000000fcf80000,0x00000000fd4d3030,0x00000000fe600000)
  to   space 23040K, 0% used [0x00000000fb900000,0x00000000fb900000,0x00000000fcf80000)
 ParOldGen       total 204288K, used 80570K [0x00000000e0000000, 0x00000000ec780000, 0x00000000f5580000)
  object space 204288K, 39% used [0x00000000e0000000,0x00000000e4eae9f0,0x00000000ec780000)
 Metaspace       used 68081K, capacity 73610K, committed 73856K, reserved 1112064K
  class space    used 9598K, capacity 10770K, committed 10880K, reserved 1048576K
Event: 34.444 GC heap after
Heap after GC invocations=22 (full 3):
 PSYoungGen      total 124928K, used 11824K [0x00000000f5580000, 0x00000000ff300000, 0x0000000100000000)
  eden space 101888K, 0% used [0x00000000f5580000,0x00000000f5580000,0x00000000fb900000)
  from space 23040K, 51% used [0x00000000fb900000,0x00000000fc48c030,0x00000000fcf80000)
  to   space 22016K, 0% used [0x00000000fdd80000,0x00000000fdd80000,0x00000000ff300000)
 ParOldGen       total 204288K, used 80578K [0x00000000e0000000, 0x00000000ec780000, 0x00000000f5580000)
  object space 204288K, 39% used [0x00000000e0000000,0x00000000e4eb09f0,0x00000000ec780000)
 Metaspace       used 68081K, capacity 73610K, committed 73856K, reserved 1112064K
  class space    used 9598K, capacity 10770K, committed 10880K, reserved 1048576K
}
Event: 36.201 GC heap before
{Heap before GC invocations=23 (full 3):
 PSYoungGen      total 124928K, used 113712K [0x00000000f5580000, 0x00000000ff300000, 0x0000000100000000)
  eden space 101888K, 100% used [0x00000000f5580000,0x00000000fb900000,0x00000000fb900000)
  from space 23040K, 51% used [0x00000000fb900000,0x00000000fc48c030,0x00000000fcf80000)
  to   space 22016K, 0% used [0x00000000fdd80000,0x00000000fdd80000,0x00000000ff300000)
 ParOldGen       total 204288K, used 80578K [0x00000000e0000000, 0x00000000ec780000, 0x00000000f5580000)
  object space 204288K, 39% used [0x00000000e0000000,0x00000000e4eb09f0,0x00000000ec780000)
 Metaspace       used 68448K, capacity 74000K, committed 74112K, reserved 1112064K
  class space    used 9630K, capacity 10793K, committed 10880K, reserved 1048576K
Event: 36.210 GC heap after
Heap after GC invocations=23 (full 3):
 PSYoungGen      total 137728K, used 17712K [0x00000000f5580000, 0x00000000ff580000, 0x0000000100000000)
  eden space 115712K, 0% used [0x00000000f5580000,0x00000000f5580000,0x00000000fc680000)
  from space 22016K, 80% used [0x00000000fdd80000,0x00000000feecc050,0x00000000ff300000)
  to   space 23552K, 0% used [0x00000000fc680000,0x00000000fc680000,0x00000000fdd80000)
 ParOldGen       total 204288K, used 80586K [0x00000000e0000000, 0x00000000ec780000, 0x00000000f5580000)
  object space 204288K, 39% used [0x00000000e0000000,0x00000000e4eb29f0,0x00000000ec780000)
 Metaspace       used 68448K, capacity 74000K, committed 74112K, reserved 1112064K
  class space    used 9630K, capacity 10793K, committed 10880K, reserved 1048576K
}
Event: 66.573 GC heap before
{Heap before GC invocations=24 (full 3):
 PSYoungGen      total 137728K, used 133424K [0x00000000f5580000, 0x00000000ff580000, 0x0000000100000000)
  eden space 115712K, 100% used [0x00000000f5580000,0x00000000fc680000,0x00000000fc680000)
  from space 22016K, 80% used [0x00000000fdd80000,0x00000000feecc050,0x00000000ff300000)
  to   space 23552K, 0% used [0x00000000fc680000,0x00000000fc680000,0x00000000fdd80000)
 ParOldGen       total 204288K, used 80586K [0x00000000e0000000, 0x00000000ec780000, 0x00000000f5580000)
  object space 204288K, 39% used [0x00000000e0000000,0x00000000e4eb29f0,0x00000000ec780000)
 Metaspace       used 73829K, capacity 79774K, committed 80000K, reserved 1118208K
  class space    used 10140K, capacity 11366K, committed 11392K, reserved 1048576K
Event: 66.591 GC heap after
Heap after GC invocations=24 (full 3):
 PSYoungGen      total 139264K, used 23546K [0x00000000f5580000, 0x0000000100000000, 0x0000000100000000)
  eden space 115712K, 0% used [0x00000000f5580000,0x00000000f5580000,0x00000000fc680000)
  from space 23552K, 99% used [0x00000000fc680000,0x00000000fdd7e9a8,0x00000000fdd80000)
  to   space 27648K, 0% used [0x00000000fe500000,0x00000000fe500000,0x0000000100000000)
 ParOldGen       total 204288K, used 82792K [0x00000000e0000000, 0x00000000ec780000, 0x00000000f5580000)
  object space 204288K, 40% used [0x00000000e0000000,0x00000000e50da2d8,0x00000000ec780000)
 Metaspace       used 73829K, capacity 79774K, committed 80000K, reserved 1118208K
  class space    used 10140K, capacity 11366K, committed 11392K, reserved 1048576K
}
Event: 67.320 GC heap before
{Heap before GC invocations=25 (full 3):
 PSYoungGen      total 139264K, used 139258K [0x00000000f5580000, 0x0000000100000000, 0x0000000100000000)
  eden space 115712K, 100% used [0x00000000f5580000,0x00000000fc680000,0x00000000fc680000)
  from space 23552K, 99% used [0x00000000fc680000,0x00000000fdd7e9a8,0x00000000fdd80000)
  to   space 27648K, 0% used [0x00000000fe500000,0x00000000fe500000,0x0000000100000000)
 ParOldGen       total 204288K, used 82792K [0x00000000e0000000, 0x00000000ec780000, 0x00000000f5580000)
  object space 204288K, 40% used [0x00000000e0000000,0x00000000e50da2d8,0x00000000ec780000)
 Metaspace       used 74431K, capacity 80458K, committed 80640K, reserved 1118208K
  class space    used 10180K, capacity 11436K, committed 11520K, reserved 1048576K
Event: 67.346 GC heap after
Heap after GC invocations=25 (full 3):
 PSYoungGen      total 126464K, used 27622K [0x00000000f5580000, 0x0000000100000000, 0x0000000100000000)
  eden space 98816K, 0% used [0x00000000f5580000,0x00000000f5580000,0x00000000fb600000)
  from space 27648K, 99% used [0x00000000fe500000,0x00000000ffff98d8,0x0000000100000000)
  to   space 37888K, 0% used [0x00000000fb600000,0x00000000fb600000,0x00000000fdb00000)
 ParOldGen       total 204288K, used 99942K [0x00000000e0000000, 0x00000000ec780000, 0x00000000f5580000)
  object space 204288K, 48% used [0x00000000e0000000,0x00000000e6199b70,0x00000000ec780000)
 Metaspace       used 74431K, capacity 80458K, committed 80640K, reserved 1118208K
  class space    used 10180K, capacity 11436K, committed 11520K, reserved 1048576K
}

